<?xml version="1.0" encoding="utf-8"?><testsuites><testsuite errors="0" failures="4" hostname="SC-201906191310" name="pytest" skipped="0" tests="6" time="0.133" timestamp="2020-03-24T09:41:26.504619"><testcase classname="test_case.test_case_01" file="test_case\test_case_01.py" line="5" name="test_01" time="0.003"><system-out>test_1
</system-out></testcase><testcase classname="test_case.test_case_01" file="test_case\test_case_01.py" line="9" name="test_02" time="0.001"><failure message="assert 1 == 2">def test_02():
        print(&quot;test_2&quot;)
&gt;       assert 1==2
E       assert 1 == 2

..\test_case\test_case_01.py:12: AssertionError</failure><system-out>test_2
</system-out></testcase><testcase classname="test_case.test_case_01" file="test_case\test_case_01.py" line="13" name="test_03" time="0.002"><failure message="assert 1 == 3">def test_03():
        print(&quot;test_3&quot;)
&gt;       assert 1==3
E       assert 1 == 3

..\test_case\test_case_01.py:16: AssertionError</failure><system-out>test_3
</system-out></testcase><testcase classname="test_case.test_case_02" file="test_case\test_case_02.py" line="5" name="test_04" time="0.002"><system-out>test_1
</system-out></testcase><testcase classname="test_case.test_case_02" file="test_case\test_case_02.py" line="9" name="test_05" time="0.004"><failure message="assert 1 == 2">def test_05():
        print(&quot;test_2&quot;)
&gt;       assert 1==2
E       assert 1 == 2

..\test_case\test_case_02.py:12: AssertionError</failure><system-out>test_2
</system-out></testcase><testcase classname="test_case.test_case_02" file="test_case\test_case_02.py" line="13" name="test_06" time="0.002"><failure message="assert 1 == 3">def test_06():
        print(&quot;test_3&quot;)
&gt;       assert 1==3
E       assert 1 == 3

..\test_case\test_case_02.py:16: AssertionError</failure><system-out>test_3
</system-out></testcase></testsuite></testsuites>